TN:
SF:src\app.ts
FN:12,__importDefault
FNF:1
FNH:1
FNDA:4,__importDefault
DA:1,1
DA:2,1
DA:3,1
DA:4,1
DA:5,1
DA:6,1
DA:7,1
DA:8,1
DA:9,1
DA:10,1
DA:11,1
DA:12,1
LF:12
LH:12
BRDA:12,0,0,1
BRDA:12,1,0,4
BRDA:12,2,0,2
BRDA:12,3,0,2
BRF:4
BRH:4
end_of_record
TN:
SF:src\server.ts
FN:1,(empty-report)
FNF:1
FNH:0
FNDA:0,(empty-report)
DA:1,0
DA:2,0
DA:3,0
DA:4,0
DA:5,0
LF:5
LH:0
BRDA:1,0,0,0
BRF:1
BRH:0
end_of_record
TN:
SF:src\controllers\ListRepositoriesController.ts
FN:23,__awaiter
FN:23,adopt
FN:23,fulfilled
FN:23,rejected
FN:23,step
FN:23,__generator
FN:23,sent
FN:23,g.<computed>
FN:23,verb
FN:23,step
FN:23,__importDefault
FN:4,ListRepositoriesController
FN:5,ListRepositoriesController.byUsername
FNF:13
FNH:12
FNDA:4,__awaiter
FNDA:4,adopt
FNDA:2,fulfilled
FNDA:2,rejected
FNDA:6,step
FNDA:4,__generator
FNDA:4,sent
FNDA:0,g.<computed>
FNDA:12,verb
FNDA:8,step
FNDA:1,__importDefault
FNDA:1,ListRepositoriesController
FNDA:4,ListRepositoriesController.byUsername
DA:1,1
DA:2,1
DA:3,1
DA:4,1
DA:5,1
DA:6,4
DA:7,4
DA:8,4
DA:9,4
DA:10,4
DA:11,4
DA:12,4
DA:13,4
DA:14,4
DA:15,4
DA:16,4
DA:17,4
DA:18,4
DA:19,4
DA:20,4
DA:21,1
DA:22,1
DA:23,1
LF:23
LH:23
BRDA:23,0,0,1
BRDA:23,1,0,4
BRDA:23,2,0,4
BRDA:23,3,0,0
BRDA:23,4,0,4
BRDA:23,5,0,2
BRDA:23,6,0,0
BRDA:23,7,0,2
BRDA:23,8,0,0
BRDA:23,9,0,6
BRDA:23,10,0,2
BRDA:23,11,0,4
BRDA:23,12,0,4
BRDA:23,13,0,4
BRDA:23,14,0,2
BRDA:23,15,0,12
BRDA:23,16,0,8
BRDA:23,17,0,8
BRDA:23,18,0,0
BRDA:23,19,0,16
BRDA:23,20,0,0
BRDA:23,21,0,0
BRDA:23,22,0,0
BRDA:23,23,0,0
BRDA:23,24,0,6
BRDA:23,25,0,8
BRDA:23,26,0,4
BRDA:23,27,0,0
BRDA:23,28,0,0
BRDA:23,29,0,4
BRDA:23,30,0,0
BRDA:23,31,0,2
BRDA:23,32,0,0
BRDA:23,33,0,0
BRDA:23,34,0,0
BRDA:23,35,0,0
BRDA:23,36,0,8
BRDA:23,37,0,6
BRDA:23,38,0,2
BRDA:23,39,0,8
BRDA:23,40,0,4
BRDA:23,41,0,2
BRDA:23,42,0,0
BRDA:23,43,0,1
BRDA:23,44,0,0
BRDA:4,45,0,1
BRDA:4,46,0,1
BRDA:5,47,0,4
BRDA:23,48,0,4
BRDA:23,49,0,8
BRDA:23,50,0,4
BRDA:7,51,0,3
BRDA:7,52,0,1
BRDA:7,53,0,0
BRDA:9,54,0,0
BRDA:10,55,0,0
BRDA:23,56,0,4
BRF:57
BRH:37
end_of_record
TN:
SF:src\errors\AppError.ts
FN:6,Error
FNF:1
FNH:1
FNDA:1,Error
DA:1,1
DA:2,1
DA:3,1
DA:4,1
DA:5,1
DA:6,1
DA:7,1
DA:8,1
DA:9,1
DA:10,1
LF:10
LH:10
BRDA:10,0,0,1
BRDA:1,1,0,1
BRDA:6,2,0,1
BRDA:6,3,0,0
BRF:4
BRH:3
end_of_record
TN:
SF:src\errors\index.ts
FN:24,__importDefault
FN:5,routesError
FNF:2
FNH:2
FNDA:1,__importDefault
FNDA:2,routesError
DA:1,1
DA:2,1
DA:3,1
DA:4,1
DA:5,1
DA:6,2
DA:7,2
DA:8,2
DA:9,2
DA:10,2
DA:11,2
DA:12,1
DA:13,1
DA:14,1
DA:15,1
DA:16,1
DA:17,1
DA:18,1
DA:19,1
DA:20,1
DA:21,1
DA:22,1
DA:23,1
DA:24,1
LF:24
LH:24
BRDA:24,0,0,1
BRDA:24,1,0,1
BRDA:24,2,0,0
BRDA:5,3,0,2
BRDA:11,4,0,1
BRF:5
BRH:4
end_of_record
TN:
SF:src\infra\api.ts
FN:11,__importDefault
FNF:1
FNH:1
FNDA:1,__importDefault
DA:1,1
DA:2,1
DA:3,1
DA:4,1
DA:5,1
DA:6,1
DA:7,1
DA:8,1
DA:9,1
DA:10,1
DA:11,1
LF:11
LH:11
BRDA:11,0,0,1
BRDA:11,1,0,1
BRDA:11,2,0,0
BRF:3
BRH:2
end_of_record
TN:
SF:src\interfaces\IListRepositoriesByUsername.ts
FN:1,(empty-report)
FNF:1
FNH:0
FNDA:0,(empty-report)
DA:1,0
DA:2,0
DA:3,0
DA:4,0
DA:5,0
DA:6,0
DA:7,0
LF:7
LH:0
BRDA:1,0,0,0
BRF:1
BRH:0
end_of_record
TN:
SF:src\interfaces\IPaginateRepository.ts
FN:1,(empty-report)
FNF:1
FNH:0
FNDA:0,(empty-report)
DA:1,0
DA:2,0
DA:3,0
DA:4,0
DA:5,0
DA:6,0
DA:7,0
DA:8,0
DA:9,0
DA:10,0
DA:11,0
LF:11
LH:0
BRDA:1,0,0,0
BRF:1
BRH:0
end_of_record
TN:
SF:src\interfaces\IRepository.ts
FN:1,(empty-report)
FNF:1
FNH:0
FNDA:0,(empty-report)
DA:1,0
DA:2,0
DA:3,0
DA:4,0
DA:5,0
DA:6,0
DA:7,0
DA:8,0
DA:9,0
DA:10,0
DA:11,0
DA:12,0
DA:13,0
DA:14,0
DA:15,0
DA:16,0
DA:17,0
LF:17
LH:0
BRDA:1,0,0,0
BRF:1
BRH:0
end_of_record
TN:
SF:src\routes\index.ts
FN:9,__importDefault
FNF:1
FNH:1
FNDA:1,__importDefault
DA:1,1
DA:2,1
DA:3,1
DA:4,1
DA:5,1
DA:6,1
DA:7,1
DA:8,1
DA:9,1
LF:9
LH:9
BRDA:9,0,0,1
BRDA:9,1,0,1
BRDA:9,2,0,0
BRF:3
BRH:2
end_of_record
TN:
SF:src\services\ListRepositoriesByUsernameService.ts
FN:26,__awaiter
FN:26,adopt
FN:26,fulfilled
FN:26,rejected
FN:26,step
FN:26,__generator
FN:26,sent
FN:26,g.<computed>
FN:26,verb
FN:26,step
FN:26,__importDefault
FN:6,ListRepositoriesByUsernameService
FN:7,ListRepositoriesByUsernameService.execute
FNF:13
FNH:12
FNDA:4,__awaiter
FNDA:4,adopt
FNDA:2,fulfilled
FNDA:2,rejected
FNDA:6,step
FNDA:4,__generator
FNDA:6,sent
FNDA:0,g.<computed>
FNDA:12,verb
FNDA:8,step
FNDA:3,__importDefault
FNDA:4,ListRepositoriesByUsernameService
FNDA:4,ListRepositoriesByUsernameService.execute
DA:1,1
DA:2,1
DA:3,1
DA:4,1
DA:5,1
DA:6,4
DA:7,4
DA:8,4
DA:9,4
DA:10,4
DA:11,4
DA:12,4
DA:13,4
DA:14,4
DA:15,4
DA:16,4
DA:17,4
DA:18,4
DA:19,1
DA:20,1
DA:21,1
DA:22,4
DA:23,4
DA:24,4
DA:25,1
DA:26,1
LF:26
LH:26
BRDA:26,0,0,1
BRDA:26,1,0,4
BRDA:26,2,0,4
BRDA:26,3,0,0
BRDA:26,4,0,4
BRDA:26,5,0,2
BRDA:26,6,0,0
BRDA:26,7,0,2
BRDA:26,8,0,0
BRDA:26,9,0,6
BRDA:26,10,0,2
BRDA:26,11,0,4
BRDA:26,12,0,4
BRDA:26,13,0,6
BRDA:26,14,0,2
BRDA:26,15,0,4
BRDA:26,16,0,12
BRDA:26,17,0,8
BRDA:26,18,0,8
BRDA:26,19,0,0
BRDA:26,20,0,22
BRDA:26,21,0,0
BRDA:26,22,0,0
BRDA:26,23,0,0
BRDA:26,24,0,0
BRDA:26,25,0,6
BRDA:26,26,0,8
BRDA:26,27,0,4
BRDA:26,28,0,0
BRDA:26,29,0,0
BRDA:26,30,0,10
BRDA:26,31,0,6
BRDA:26,32,0,4
BRDA:26,33,0,2
BRDA:26,34,0,4
BRDA:26,35,0,6
BRDA:26,36,0,0
BRDA:26,37,0,0
BRDA:26,38,0,6
BRDA:26,39,0,4
BRDA:26,40,0,2
BRDA:26,41,0,4
BRDA:26,42,0,0
BRDA:26,43,0,4
BRDA:26,44,0,0
BRDA:26,45,0,4
BRDA:26,46,0,10
BRDA:26,47,0,6
BRDA:26,48,0,4
BRDA:26,49,0,10
BRDA:26,50,0,4
BRDA:26,51,0,2
BRDA:26,52,0,0
BRDA:26,53,0,3
BRDA:26,54,0,0
BRDA:6,55,0,1
BRDA:6,56,0,4
BRDA:7,57,0,4
BRDA:26,58,0,4
BRDA:26,59,0,10
BRDA:26,60,0,4
BRDA:26,61,0,4
BRDA:26,62,0,2
BRDA:18,63,0,1
BRDA:26,64,0,0
BRF:65
BRH:48
end_of_record
TN:
SF:src\utils\PaginateRepository.ts
FN:4,PaginateRepository
FNF:1
FNH:1
FNDA:2,PaginateRepository
DA:1,1
DA:2,1
DA:3,1
DA:4,1
DA:5,2
DA:6,2
DA:7,2
DA:8,2
DA:9,2
DA:10,2
DA:11,2
DA:12,2
DA:13,2
DA:14,2
DA:15,2
DA:16,10
DA:17,10
DA:18,10
DA:19,10
DA:20,10
DA:21,2
DA:22,2
DA:23,2
DA:24,2
DA:25,2
DA:26,2
DA:27,2
DA:28,2
DA:29,2
DA:30,2
DA:31,2
DA:32,2
DA:33,1
DA:34,1
LF:34
LH:34
BRDA:34,0,0,1
BRDA:4,1,0,2
BRDA:15,2,0,10
BRF:3
BRH:3
end_of_record
